<?xml version="1.0" encoding="UTF-8"?>
<!-- Generated by org.testng.reporters.JUnitReportReporter -->
<testsuite skipped="0" hostname="DESKTOP-LIN7R2S" name="qaclickacademy.RESTAPITest" tests="2" failures="0" timestamp="25 Jan 2022 12:07:26 GMT" time="0.000" errors="0">
  <testcase name="postJira" time="0.000" classname="qaclickacademy.RESTAPITest"/>
  <testcase name="deleteTwitter" time="0.000" classname="qaclickacademy.RESTAPITest"/>
</testsuite> <!-- qaclickacademy.RESTAPITest -->
